<?xml version="1.0" encoding="UTF-8"?>
<testsuite xmlns:xsi="http://www.w3.org/2001/XMLSchema-instance" xsi:noNamespaceSchemaLocation="https://maven.apache.org/surefire/maven-surefire-plugin/xsd/surefire-test-report.xsd" name="com.Test0314" time="2.687" tests="1" errors="0" skipped="0" failures="0">
  <properties>
    <property name="sun.desktop" value="windows"/>
    <property name="awt.toolkit" value="sun.awt.windows.WToolkit"/>
    <property name="file.encoding.pkg" value="sun.io"/>
    <property name="java.specification.version" value="1.8"/>
    <property name="sun.cpu.isalist" value="amd64"/>
    <property name="sun.jnu.encoding" value="GBK"/>
    <property name="java.class.path" value="E:\J174_four\lixiangyu_hibernate\target\test-classes;E:\J174_four\lixiangyu_hibernate\target\classes;F:\data\org\hibernate\hibernate-core\5.2.12.Final\hibernate-core-5.2.12.Final.jar;F:\data\org\jboss\logging\jboss-logging\3.3.0.Final\jboss-logging-3.3.0.Final.jar;F:\data\org\javassist\javassist\3.20.0-GA\javassist-3.20.0-GA.jar;F:\data\antlr\antlr\2.7.7\antlr-2.7.7.jar;F:\data\org\jboss\spec\javax\transaction\jboss-transaction-api_1.2_spec\1.0.1.Final\jboss-transaction-api_1.2_spec-1.0.1.Final.jar;F:\data\org\jboss\jandex\2.0.3.Final\jandex-2.0.3.Final.jar;F:\data\com\fasterxml\classmate\1.3.0\classmate-1.3.0.jar;F:\data\dom4j\dom4j\1.6.1\dom4j-1.6.1.jar;F:\data\org\hibernate\common\hibernate-commons-annotations\5.0.1.Final\hibernate-commons-annotations-5.0.1.Final.jar;F:\data\org\hibernate\hibernate-entitymanager\5.2.12.Final\hibernate-entitymanager-5.2.12.Final.jar;F:\data\net\bytebuddy\byte-buddy\1.6.14\byte-buddy-1.6.14.jar;F:\data\org\hibernate\hibernate-ehcache\4.2.5.Final\hibernate-ehcache-4.2.5.Final.jar;F:\data\net\sf\ehcache\ehcache-core\2.4.3\ehcache-core-2.4.3.jar;F:\data\org\slf4j\slf4j-api\1.6.1\slf4j-api-1.6.1.jar;F:\data\org\hibernate\javax\persistence\hibernate-jpa-2.1-api\1.0.0.Final\hibernate-jpa-2.1-api-1.0.0.Final.jar;F:\data\org\hibernate\hibernate-java8\5.2.12.Final\hibernate-java8-5.2.12.Final.jar;F:\data\junit\junit\4.13\junit-4.13.jar;F:\data\org\hamcrest\hamcrest-core\1.3\hamcrest-core-1.3.jar;F:\data\javax\servlet\servlet-api\3.0-alpha-1\servlet-api-3.0-alpha-1.jar;F:\data\log4j\log4j\1.2.17\log4j-1.2.17.jar;F:\data\javax\servlet\jstl\1.2\jstl-1.2.jar;F:\data\javax\servlet\jsp\jsp-api\2.2.1-b03\jsp-api-2.2.1-b03.jar;F:\data\commons-fileupload\commons-fileupload\1.3.3\commons-fileupload-1.3.3.jar;F:\data\commons-io\commons-io\2.4\commons-io-2.4.jar;F:\data\mysql\mysql-connector-java\5.1.21\mysql-connector-java-5.1.21.jar;F:\data\commons-dbcp\commons-dbcp\1.4\commons-dbcp-1.4.jar;F:\data\commons-pool\commons-pool\1.5.4\commons-pool-1.5.4.jar;F:\data\com\alibaba\druid\0.2.9\druid-0.2.9.jar;F:\data\org\aspectj\aspectjweaver\1.7.1\aspectjweaver-1.7.1.jar;F:\data\org\springframework\spring-webmvc\5.1.5.RELEASE\spring-webmvc-5.1.5.RELEASE.jar;F:\data\org\springframework\spring-aop\5.1.5.RELEASE\spring-aop-5.1.5.RELEASE.jar;F:\data\org\springframework\spring-core\5.1.5.RELEASE\spring-core-5.1.5.RELEASE.jar;F:\data\org\springframework\spring-jcl\5.1.5.RELEASE\spring-jcl-5.1.5.RELEASE.jar;F:\data\org\springframework\spring-context\5.1.5.RELEASE\spring-context-5.1.5.RELEASE.jar;F:\data\org\springframework\spring-jdbc\5.1.5.RELEASE\spring-jdbc-5.1.5.RELEASE.jar;F:\data\org\springframework\spring-tx\5.1.5.RELEASE\spring-tx-5.1.5.RELEASE.jar;F:\data\org\springframework\spring-beans\5.1.5.RELEASE\spring-beans-5.1.5.RELEASE.jar;F:\data\org\springframework\spring-web\5.1.5.RELEASE\spring-web-5.1.5.RELEASE.jar;F:\data\org\springframework\spring-expression\5.1.5.RELEASE\spring-expression-5.1.5.RELEASE.jar;F:\data\org\springframework\spring-orm\5.1.5.RELEASE\spring-orm-5.1.5.RELEASE.jar;F:\data\org\springframework\spring-test\5.1.5.RELEASE\spring-test-5.1.5.RELEASE.jar;F:\data\org\springframework\spring-websocket\5.1.5.RELEASE\spring-websocket-5.1.5.RELEASE.jar;F:\data\org\springframework\spring-messaging\5.1.5.RELEASE\spring-messaging-5.1.5.RELEASE.jar;F:\data\org\apache\httpcomponents\httpclient\4.5.10\httpclient-4.5.10.jar;F:\data\org\apache\httpcomponents\httpcore\4.4.12\httpcore-4.4.12.jar;F:\data\commons-logging\commons-logging\1.2\commons-logging-1.2.jar;F:\data\commons-codec\commons-codec\1.11\commons-codec-1.11.jar;F:\data\com\fasterxml\jackson\core\jackson-databind\2.9.8\jackson-databind-2.9.8.jar;F:\data\com\fasterxml\jackson\core\jackson-annotations\2.9.0\jackson-annotations-2.9.0.jar;F:\data\com\fasterxml\jackson\core\jackson-core\2.9.8\jackson-core-2.9.8.jar;"/>
    <property name="java.vm.vendor" value="Oracle Corporation"/>
    <property name="sun.arch.data.model" value="64"/>
    <property name="user.variant" value=""/>
    <property name="java.vendor.url" value="http://java.oracle.com/"/>
    <property name="user.timezone" value="GMT+08:00"/>
    <property name="java.vm.specification.version" value="1.8"/>
    <property name="os.name" value="Windows 7"/>
    <property name="user.country" value="CN"/>
    <property name="sun.java.launcher" value="SUN_STANDARD"/>
    <property name="sun.boot.library.path" value="E:\Program Files\Java\jdk1.8.0_212\jre\bin"/>
    <property name="sun.java.command" value="C:\Users\ADMINI~1\AppData\Local\Temp\surefire327198702131652622\surefirebooter3537355116240248046.jar C:\Users\Administrator\AppData\Local\Temp\surefire327198702131652622 2020-03-14T15-22-00_995-jvmRun1 surefire6406579040589840870tmp surefire_03434078515842055548tmp"/>
    <property name="surefire.test.class.path" value="E:\J174_four\lixiangyu_hibernate\target\test-classes;E:\J174_four\lixiangyu_hibernate\target\classes;F:\data\org\hibernate\hibernate-core\5.2.12.Final\hibernate-core-5.2.12.Final.jar;F:\data\org\jboss\logging\jboss-logging\3.3.0.Final\jboss-logging-3.3.0.Final.jar;F:\data\org\javassist\javassist\3.20.0-GA\javassist-3.20.0-GA.jar;F:\data\antlr\antlr\2.7.7\antlr-2.7.7.jar;F:\data\org\jboss\spec\javax\transaction\jboss-transaction-api_1.2_spec\1.0.1.Final\jboss-transaction-api_1.2_spec-1.0.1.Final.jar;F:\data\org\jboss\jandex\2.0.3.Final\jandex-2.0.3.Final.jar;F:\data\com\fasterxml\classmate\1.3.0\classmate-1.3.0.jar;F:\data\dom4j\dom4j\1.6.1\dom4j-1.6.1.jar;F:\data\org\hibernate\common\hibernate-commons-annotations\5.0.1.Final\hibernate-commons-annotations-5.0.1.Final.jar;F:\data\org\hibernate\hibernate-entitymanager\5.2.12.Final\hibernate-entitymanager-5.2.12.Final.jar;F:\data\net\bytebuddy\byte-buddy\1.6.14\byte-buddy-1.6.14.jar;F:\data\org\hibernate\hibernate-ehcache\4.2.5.Final\hibernate-ehcache-4.2.5.Final.jar;F:\data\net\sf\ehcache\ehcache-core\2.4.3\ehcache-core-2.4.3.jar;F:\data\org\slf4j\slf4j-api\1.6.1\slf4j-api-1.6.1.jar;F:\data\org\hibernate\javax\persistence\hibernate-jpa-2.1-api\1.0.0.Final\hibernate-jpa-2.1-api-1.0.0.Final.jar;F:\data\org\hibernate\hibernate-java8\5.2.12.Final\hibernate-java8-5.2.12.Final.jar;F:\data\junit\junit\4.13\junit-4.13.jar;F:\data\org\hamcrest\hamcrest-core\1.3\hamcrest-core-1.3.jar;F:\data\javax\servlet\servlet-api\3.0-alpha-1\servlet-api-3.0-alpha-1.jar;F:\data\log4j\log4j\1.2.17\log4j-1.2.17.jar;F:\data\javax\servlet\jstl\1.2\jstl-1.2.jar;F:\data\javax\servlet\jsp\jsp-api\2.2.1-b03\jsp-api-2.2.1-b03.jar;F:\data\commons-fileupload\commons-fileupload\1.3.3\commons-fileupload-1.3.3.jar;F:\data\commons-io\commons-io\2.4\commons-io-2.4.jar;F:\data\mysql\mysql-connector-java\5.1.21\mysql-connector-java-5.1.21.jar;F:\data\commons-dbcp\commons-dbcp\1.4\commons-dbcp-1.4.jar;F:\data\commons-pool\commons-pool\1.5.4\commons-pool-1.5.4.jar;F:\data\com\alibaba\druid\0.2.9\druid-0.2.9.jar;F:\data\org\aspectj\aspectjweaver\1.7.1\aspectjweaver-1.7.1.jar;F:\data\org\springframework\spring-webmvc\5.1.5.RELEASE\spring-webmvc-5.1.5.RELEASE.jar;F:\data\org\springframework\spring-aop\5.1.5.RELEASE\spring-aop-5.1.5.RELEASE.jar;F:\data\org\springframework\spring-core\5.1.5.RELEASE\spring-core-5.1.5.RELEASE.jar;F:\data\org\springframework\spring-jcl\5.1.5.RELEASE\spring-jcl-5.1.5.RELEASE.jar;F:\data\org\springframework\spring-context\5.1.5.RELEASE\spring-context-5.1.5.RELEASE.jar;F:\data\org\springframework\spring-jdbc\5.1.5.RELEASE\spring-jdbc-5.1.5.RELEASE.jar;F:\data\org\springframework\spring-tx\5.1.5.RELEASE\spring-tx-5.1.5.RELEASE.jar;F:\data\org\springframework\spring-beans\5.1.5.RELEASE\spring-beans-5.1.5.RELEASE.jar;F:\data\org\springframework\spring-web\5.1.5.RELEASE\spring-web-5.1.5.RELEASE.jar;F:\data\org\springframework\spring-expression\5.1.5.RELEASE\spring-expression-5.1.5.RELEASE.jar;F:\data\org\springframework\spring-orm\5.1.5.RELEASE\spring-orm-5.1.5.RELEASE.jar;F:\data\org\springframework\spring-test\5.1.5.RELEASE\spring-test-5.1.5.RELEASE.jar;F:\data\org\springframework\spring-websocket\5.1.5.RELEASE\spring-websocket-5.1.5.RELEASE.jar;F:\data\org\springframework\spring-messaging\5.1.5.RELEASE\spring-messaging-5.1.5.RELEASE.jar;F:\data\org\apache\httpcomponents\httpclient\4.5.10\httpclient-4.5.10.jar;F:\data\org\apache\httpcomponents\httpcore\4.4.12\httpcore-4.4.12.jar;F:\data\commons-logging\commons-logging\1.2\commons-logging-1.2.jar;F:\data\commons-codec\commons-codec\1.11\commons-codec-1.11.jar;F:\data\com\fasterxml\jackson\core\jackson-databind\2.9.8\jackson-databind-2.9.8.jar;F:\data\com\fasterxml\jackson\core\jackson-annotations\2.9.0\jackson-annotations-2.9.0.jar;F:\data\com\fasterxml\jackson\core\jackson-core\2.9.8\jackson-core-2.9.8.jar;"/>
    <property name="sun.cpu.endian" value="little"/>
    <property name="user.home" value="C:\Users\Administrator"/>
    <property name="user.language" value="zh"/>
    <property name="java.specification.vendor" value="Oracle Corporation"/>
    <property name="java.home" value="E:\Program Files\Java\jdk1.8.0_212\jre"/>
    <property name="basedir" value="E:\J174_four\lixiangyu_hibernate"/>
    <property name="file.separator" value="\"/>
    <property name="line.separator" value="&#10;"/>
    <property name="java.vm.specification.vendor" value="Oracle Corporation"/>
    <property name="java.specification.name" value="Java Platform API Specification"/>
    <property name="java.awt.graphicsenv" value="sun.awt.Win32GraphicsEnvironment"/>
    <property name="surefire.real.class.path" value="C:\Users\ADMINI~1\AppData\Local\Temp\surefire327198702131652622\surefirebooter3537355116240248046.jar"/>
    <property name="sun.boot.class.path" value="E:\Program Files\Java\jdk1.8.0_212\jre\lib\resources.jar;E:\Program Files\Java\jdk1.8.0_212\jre\lib\rt.jar;E:\Program Files\Java\jdk1.8.0_212\jre\lib\sunrsasign.jar;E:\Program Files\Java\jdk1.8.0_212\jre\lib\jsse.jar;E:\Program Files\Java\jdk1.8.0_212\jre\lib\jce.jar;E:\Program Files\Java\jdk1.8.0_212\jre\lib\charsets.jar;E:\Program Files\Java\jdk1.8.0_212\jre\lib\jfr.jar;E:\Program Files\Java\jdk1.8.0_212\jre\classes"/>
    <property name="user.script" value=""/>
    <property name="sun.management.compiler" value="HotSpot 64-Bit Tiered Compilers"/>
    <property name="java.runtime.version" value="1.8.0_212-b10"/>
    <property name="user.name" value="Administrator"/>
    <property name="path.separator" value=";"/>
    <property name="os.version" value="6.1"/>
    <property name="java.endorsed.dirs" value="E:\Program Files\Java\jdk1.8.0_212\jre\lib\endorsed"/>
    <property name="java.runtime.name" value="Java(TM) SE Runtime Environment"/>
    <property name="file.encoding" value="GBK"/>
    <property name="java.vm.name" value="Java HotSpot(TM) 64-Bit Server VM"/>
    <property name="localRepository" value="F:\data"/>
    <property name="java.vendor.url.bug" value="http://bugreport.sun.com/bugreport/"/>
    <property name="java.io.tmpdir" value="C:\Users\ADMINI~1\AppData\Local\Temp\"/>
    <property name="java.version" value="1.8.0_212"/>
    <property name="user.dir" value="E:\J174_four\lixiangyu_hibernate"/>
    <property name="os.arch" value="amd64"/>
    <property name="java.vm.specification.name" value="Java Virtual Machine Specification"/>
    <property name="java.awt.printerjob" value="sun.awt.windows.WPrinterJob"/>
    <property name="sun.os.patch.level" value="Service Pack 1"/>
    <property name="idea.version2019.3.3" value="true"/>
    <property name="java.library.path" value="E:\Program Files\Java\jdk1.8.0_212\jre\bin;C:\Windows\Sun\Java\bin;C:\Windows\system32;C:\Windows;C:\Program Files (x86)\Common Files\Oracle\Java\javapath;C:\Windows\system32;C:\Windows;C:\Windows\System32\Wbem;C:\Windows\System32\WindowsPowerShell\v1.0\.............;E:\Program Files\Java\jdk1.8.0_212\bin;E:\Program Files\Java\jdk1.8.0_212\jre\bin;D:\Program Files\VisualSVN Server\bin;C:\Program Files\TortoiseSVN\bin;F:\apache-maven-3.5.4-bin\apache-maven-3.5.4\bin;F:\Program Files\Git\cmd;D:\Program Files\nodejs\;C:\Users\Administrator\AppData\Roaming\npm;."/>
    <property name="java.vm.info" value="mixed mode"/>
    <property name="java.vendor" value="Oracle Corporation"/>
    <property name="java.vm.version" value="25.212-b10"/>
    <property name="java.ext.dirs" value="E:\Program Files\Java\jdk1.8.0_212\jre\lib\ext;C:\Windows\Sun\Java\lib\ext"/>
    <property name="sun.io.unicode.encoding" value="UnicodeLittle"/>
    <property name="java.class.version" value="52.0"/>
  </properties>
  <testcase name="test" classname="com.Test0314" time="2.498"/>
</testsuite>